2023-03-03 08:13:08,184 - mmdet - INFO - Environment info:
------------------------------------------------------------
sys.platform: linux
Python: 3.7.7 (default, May  7 2020, 21:25:33) [GCC 7.3.0]
CUDA available: True
GPU 0: GeForce RTX 2080 Ti
CUDA_HOME: /usr/local/cuda
NVCC: Cuda compilation tools, release 10.1, V10.1.24
GCC: gcc (Ubuntu 7.4.0-1ubuntu1~18.04.1) 7.4.0
PyTorch: 1.9.0+cu111
PyTorch compiling details: PyTorch built with:
  - GCC 7.3
  - C++ Version: 201402
  - Intel(R) Math Kernel Library Version 2020.0.1 Product Build 20200208 for Intel(R) 64 architecture applications
  - Intel(R) MKL-DNN v2.1.2 (Git Hash 98be7e8afa711dc9b66c8ff3504129cb82013cdb)
  - OpenMP 201511 (a.k.a. OpenMP 4.5)
  - NNPACK is enabled
  - CPU capability usage: AVX2
  - CUDA Runtime 11.1
  - NVCC architecture flags: -gencode;arch=compute_37,code=sm_37;-gencode;arch=compute_50,code=sm_50;-gencode;arch=compute_60,code=sm_60;-gencode;arch=compute_70,code=sm_70;-gencode;arch=compute_75,code=sm_75;-gencode;arch=compute_80,code=sm_80;-gencode;arch=compute_86,code=sm_86
  - CuDNN 8.0.5
  - Magma 2.5.2
  - Build settings: BLAS_INFO=mkl, BUILD_TYPE=Release, CUDA_VERSION=11.1, CUDNN_VERSION=8.0.5, CXX_COMPILER=/opt/rh/devtoolset-7/root/usr/bin/c++, CXX_FLAGS= -Wno-deprecated -fvisibility-inlines-hidden -DUSE_PTHREADPOOL -fopenmp -DNDEBUG -DUSE_KINETO -DUSE_FBGEMM -DUSE_QNNPACK -DUSE_PYTORCH_QNNPACK -DUSE_XNNPACK -DSYMBOLICATE_MOBILE_DEBUG_HANDLE -O2 -fPIC -Wno-narrowing -Wall -Wextra -Werror=return-type -Wno-missing-field-initializers -Wno-type-limits -Wno-array-bounds -Wno-unknown-pragmas -Wno-sign-compare -Wno-unused-parameter -Wno-unused-variable -Wno-unused-function -Wno-unused-result -Wno-unused-local-typedefs -Wno-strict-overflow -Wno-strict-aliasing -Wno-error=deprecated-declarations -Wno-stringop-overflow -Wno-psabi -Wno-error=pedantic -Wno-error=redundant-decls -Wno-error=old-style-cast -fdiagnostics-color=always -faligned-new -Wno-unused-but-set-variable -Wno-maybe-uninitialized -fno-math-errno -fno-trapping-math -Werror=format -Wno-stringop-overflow, LAPACK_INFO=mkl, PERF_WITH_AVX=1, PERF_WITH_AVX2=1, PERF_WITH_AVX512=1, TORCH_VERSION=1.9.0, USE_CUDA=ON, USE_CUDNN=ON, USE_EXCEPTION_PTR=1, USE_GFLAGS=OFF, USE_GLOG=OFF, USE_MKL=ON, USE_MKLDNN=ON, USE_MPI=OFF, USE_NCCL=ON, USE_NNPACK=ON, USE_OPENMP=ON, 

TorchVision: 0.10.0+cu111
OpenCV: 4.6.0
MMCV: 1.7.0
MMCV Compiler: GCC 7.4
MMCV CUDA Compiler: 10.1
MMDetection: 2.25.1+f8bbba2
------------------------------------------------------------

2023-03-03 08:13:08,551 - mmdet - INFO - Distributed training: False
2023-03-03 08:13:09,007 - mmdet - INFO - Config:
dataset_type = 'CocoDataset'
data_root = 'data/coco/'
img_norm_cfg = dict(
    mean=[123.675, 116.28, 103.53], std=[58.395, 57.12, 57.375], to_rgb=True)
train_pipeline = [
    dict(type='LoadImageFromFile'),
    dict(type='LoadAnnotations', with_bbox=True),
    dict(
        type='Resize',
        img_scale=[(1333, 480), (1333, 800)],
        multiscale_mode='range',
        keep_ratio=True),
    dict(type='RandomFlip', flip_ratio=0.5),
    dict(
        type='Normalize',
        mean=[123.675, 116.28, 103.53],
        std=[58.395, 57.12, 57.375],
        to_rgb=True),
    dict(type='Pad', size_divisor=32),
    dict(type='DefaultFormatBundle'),
    dict(type='Collect', keys=['img', 'gt_bboxes', 'gt_labels'])
]
test_pipeline = [
    dict(type='LoadImageFromFile'),
    dict(
        type='MultiScaleFlipAug',
        img_scale=(1333, 800),
        flip=False,
        transforms=[
            dict(type='Resize', keep_ratio=True),
            dict(type='RandomFlip'),
            dict(
                type='Normalize',
                mean=[123.675, 116.28, 103.53],
                std=[58.395, 57.12, 57.375],
                to_rgb=True),
            dict(type='Pad', size_divisor=32),
            dict(type='ImageToTensor', keys=['img']),
            dict(type='Collect', keys=['img'])
        ])
]
data = dict(
    samples_per_gpu=2,
    workers_per_gpu=2,
    train=dict(
        type='CocoDataset',
        classes=('caption', 'table', 'figure'),
        ann_file='data/Truong_Hai/dataset/UIT-DODV-Ext/train.json',
        img_prefix='data/Truong_Hai/dataset/UIT-DODV-Ext/train/',
        pipeline=[
            dict(type='LoadImageFromFile'),
            dict(type='LoadAnnotations', with_bbox=True),
            dict(
                type='Resize',
                img_scale=[(1333, 480), (1333, 800)],
                multiscale_mode='range',
                keep_ratio=True),
            dict(type='RandomFlip', flip_ratio=0.5),
            dict(
                type='Normalize',
                mean=[123.675, 116.28, 103.53],
                std=[58.395, 57.12, 57.375],
                to_rgb=True),
            dict(type='Pad', size_divisor=32),
            dict(type='DefaultFormatBundle'),
            dict(type='Collect', keys=['img', 'gt_bboxes', 'gt_labels'])
        ]),
    val=dict(
        type='CocoDataset',
        classes=('caption', 'table', 'figure'),
        ann_file='data/Truong_Hai/dataset/UIT-DODV-Ext/val.json',
        img_prefix='data/Truong_Hai/dataset/UIT-DODV-Ext/val/',
        pipeline=[
            dict(type='LoadImageFromFile'),
            dict(
                type='MultiScaleFlipAug',
                img_scale=(1333, 800),
                flip=False,
                transforms=[
                    dict(type='Resize', keep_ratio=True),
                    dict(type='RandomFlip'),
                    dict(
                        type='Normalize',
                        mean=[123.675, 116.28, 103.53],
                        std=[58.395, 57.12, 57.375],
                        to_rgb=True),
                    dict(type='Pad', size_divisor=32),
                    dict(type='ImageToTensor', keys=['img']),
                    dict(type='Collect', keys=['img'])
                ])
        ]),
    test=dict(
        type='CocoDataset',
        classes=('caption', 'table', 'figure'),
        ann_file='data/Truong_Hai/dataset/UIT-DODV-Ext/test.json',
        img_prefix='data/Truong_Hai/dataset/UIT-DODV-Ext/test/',
        pipeline=[
            dict(type='LoadImageFromFile'),
            dict(
                type='MultiScaleFlipAug',
                img_scale=(1333, 800),
                flip=False,
                transforms=[
                    dict(type='Resize', keep_ratio=True),
                    dict(type='RandomFlip'),
                    dict(
                        type='Normalize',
                        mean=[123.675, 116.28, 103.53],
                        std=[58.395, 57.12, 57.375],
                        to_rgb=True),
                    dict(type='Pad', size_divisor=32),
                    dict(type='ImageToTensor', keys=['img']),
                    dict(type='Collect', keys=['img'])
                ])
        ]))
evaluation = dict(interval=1, metric='bbox')
optimizer = dict(type='SGD', lr=0.01, momentum=0.9, weight_decay=0.0001)
optimizer_config = dict(grad_clip=None)
lr_config = dict(
    policy='step',
    warmup='linear',
    warmup_iters=500,
    warmup_ratio=0.001,
    step=[16, 22])
runner = dict(type='EpochBasedRunner', max_epochs=24)
checkpoint_config = dict(interval=1)
log_config = dict(interval=50, hooks=[dict(type='TextLoggerHook')])
custom_hooks = [dict(type='NumClassCheckHook')]
dist_params = dict(backend='nccl')
log_level = 'INFO'
load_from = None
resume_from = None
workflow = [('train', 1)]
opencv_num_threads = 0
mp_start_method = 'fork'
auto_scale_lr = dict(enable=False, base_batch_size=16)
teacher_ckpt = 'https://download.openmmlab.com/mmdetection/v2.0/gfl/gfl_r101_fpn_dconv_c3-c5_mstrain_2x_coco/gfl_r101_fpn_dconv_c3-c5_mstrain_2x_coco_20200630_102002-134b07df.pth'
model = dict(
    type='KnowledgeDistillationSingleStageDetector',
    teacher_config='configs/gfl/gfl_r101_fpn_dconv_c3-c5_mstrain_2x_coco.py',
    teacher_ckpt=
    'https://download.openmmlab.com/mmdetection/v2.0/gfl/gfl_r101_fpn_dconv_c3-c5_mstrain_2x_coco/gfl_r101_fpn_dconv_c3-c5_mstrain_2x_coco_20200630_102002-134b07df.pth',
    backbone=dict(
        type='ResNet',
        depth=101,
        num_stages=4,
        out_indices=(0, 1, 2, 3),
        frozen_stages=1,
        norm_cfg=dict(type='BN', requires_grad=True),
        norm_eval=True,
        style='pytorch',
        init_cfg=dict(type='Pretrained',
                      checkpoint='torchvision://resnet101')),
    neck=dict(
        type='FPN',
        in_channels=[256, 512, 1024, 2048],
        out_channels=256,
        start_level=1,
        add_extra_convs='on_output',
        num_outs=5),
    bbox_head=dict(
        type='LDHead',
        num_classes=3,
        in_channels=256,
        stacked_convs=4,
        feat_channels=256,
        anchor_generator=dict(
            type='AnchorGenerator',
            ratios=[1.0],
            octave_base_scale=8,
            scales_per_octave=1,
            strides=[8, 16, 32, 64, 128]),
        loss_cls=dict(
            type='QualityFocalLoss',
            use_sigmoid=True,
            beta=2.0,
            loss_weight=1.0),
        loss_dfl=dict(type='DistributionFocalLoss', loss_weight=0.25),
        loss_ld=dict(
            type='KnowledgeDistillationKLDivLoss', loss_weight=0.25, T=10),
        reg_max=16,
        loss_bbox=dict(type='GIoULoss', loss_weight=2.0)),
    train_cfg=dict(
        assigner=dict(type='ATSSAssigner', topk=9),
        allowed_border=-1,
        pos_weight=-1,
        debug=False),
    test_cfg=dict(
        nms_pre=1000,
        min_bbox_size=0,
        score_thr=0.05,
        nms=dict(type='nms', iou_threshold=0.6),
        max_per_img=100))
work_dir = './data/Truong_Hai/work_dirs/ld_r101_gflv1_r101dcn_fpn_coco_2x_UIT_DODV_Ext'
auto_resume = False
gpu_ids = [0]

2023-03-03 08:13:09,007 - mmdet - INFO - Set random seed to 473325522, deterministic: False
2023-03-03 08:13:45,229 - mmdet - INFO - initialize ResNet with init_cfg {'type': 'Pretrained', 'checkpoint': 'torchvision://resnet101'}
2023-03-03 08:13:49,681 - mmdet - INFO - initialize FPN with init_cfg {'type': 'Xavier', 'layer': 'Conv2d', 'distribution': 'uniform'}
2023-03-03 08:13:49,741 - mmdet - INFO - initialize LDHead with init_cfg {'type': 'Normal', 'layer': 'Conv2d', 'std': 0.01, 'override': {'type': 'Normal', 'name': 'gfl_cls', 'std': 0.01, 'bias_prob': 0.01}}
Name of parameter - Initialization information

backbone.conv1.weight - torch.Size([64, 3, 7, 7]): 
PretrainedInit: load from torchvision://resnet101 

backbone.bn1.weight - torch.Size([64]): 
PretrainedInit: load from torchvision://resnet101 

backbone.bn1.bias - torch.Size([64]): 
PretrainedInit: load from torchvision://resnet101 

backbone.layer1.0.conv1.weight - torch.Size([64, 64, 1, 1]): 
PretrainedInit: load from torchvision://resnet101 

backbone.layer1.0.bn1.weight - torch.Size([64]): 
PretrainedInit: load from torchvision://resnet101 

backbone.layer1.0.bn1.bias - torch.Size([64]): 
PretrainedInit: load from torchvision://resnet101 

backbone.layer1.0.conv2.weight - torch.Size([64, 64, 3, 3]): 
PretrainedInit: load from torchvision://resnet101 

backbone.layer1.0.bn2.weight - torch.Size([64]): 
PretrainedInit: load from torchvision://resnet101 

backbone.layer1.0.bn2.bias - torch.Size([64]): 
PretrainedInit: load from torchvision://resnet101 

backbone.layer1.0.conv3.weight - torch.Size([256, 64, 1, 1]): 
PretrainedInit: load from torchvision://resnet101 

backbone.layer1.0.bn3.weight - torch.Size([256]): 
PretrainedInit: load from torchvision://resnet101 

backbone.layer1.0.bn3.bias - torch.Size([256]): 
PretrainedInit: load from torchvision://resnet101 

backbone.layer1.0.downsample.0.weight - torch.Size([256, 64, 1, 1]): 
PretrainedInit: load from torchvision://resnet101 

backbone.layer1.0.downsample.1.weight - torch.Size([256]): 
PretrainedInit: load from torchvision://resnet101 

backbone.layer1.0.downsample.1.bias - torch.Size([256]): 
PretrainedInit: load from torchvision://resnet101 

backbone.layer1.1.conv1.weight - torch.Size([64, 256, 1, 1]): 
PretrainedInit: load from torchvision://resnet101 

backbone.layer1.1.bn1.weight - torch.Size([64]): 
PretrainedInit: load from torchvision://resnet101 

backbone.layer1.1.bn1.bias - torch.Size([64]): 
PretrainedInit: load from torchvision://resnet101 

backbone.layer1.1.conv2.weight - torch.Size([64, 64, 3, 3]): 
PretrainedInit: load from torchvision://resnet101 

backbone.layer1.1.bn2.weight - torch.Size([64]): 
PretrainedInit: load from torchvision://resnet101 

backbone.layer1.1.bn2.bias - torch.Size([64]): 
PretrainedInit: load from torchvision://resnet101 

backbone.layer1.1.conv3.weight - torch.Size([256, 64, 1, 1]): 
PretrainedInit: load from torchvision://resnet101 

backbone.layer1.1.bn3.weight - torch.Size([256]): 
PretrainedInit: load from torchvision://resnet101 

backbone.layer1.1.bn3.bias - torch.Size([256]): 
PretrainedInit: load from torchvision://resnet101 

backbone.layer1.2.conv1.weight - torch.Size([64, 256, 1, 1]): 
PretrainedInit: load from torchvision://resnet101 

backbone.layer1.2.bn1.weight - torch.Size([64]): 
PretrainedInit: load from torchvision://resnet101 

backbone.layer1.2.bn1.bias - torch.Size([64]): 
PretrainedInit: load from torchvision://resnet101 

backbone.layer1.2.conv2.weight - torch.Size([64, 64, 3, 3]): 
PretrainedInit: load from torchvision://resnet101 

backbone.layer1.2.bn2.weight - torch.Size([64]): 
PretrainedInit: load from torchvision://resnet101 

backbone.layer1.2.bn2.bias - torch.Size([64]): 
PretrainedInit: load from torchvision://resnet101 

backbone.layer1.2.conv3.weight - torch.Size([256, 64, 1, 1]): 
PretrainedInit: load from torchvision://resnet101 

backbone.layer1.2.bn3.weight - torch.Size([256]): 
PretrainedInit: load from torchvision://resnet101 

backbone.layer1.2.bn3.bias - torch.Size([256]): 
PretrainedInit: load from torchvision://resnet101 

backbone.layer2.0.conv1.weight - torch.Size([128, 256, 1, 1]): 
PretrainedInit: load from torchvision://resnet101 

backbone.layer2.0.bn1.weight - torch.Size([128]): 
PretrainedInit: load from torchvision://resnet101 

backbone.layer2.0.bn1.bias - torch.Size([128]): 
PretrainedInit: load from torchvision://resnet101 

backbone.layer2.0.conv2.weight - torch.Size([128, 128, 3, 3]): 
PretrainedInit: load from torchvision://resnet101 

backbone.layer2.0.bn2.weight - torch.Size([128]): 
PretrainedInit: load from torchvision://resnet101 

backbone.layer2.0.bn2.bias - torch.Size([128]): 
PretrainedInit: load from torchvision://resnet101 

backbone.layer2.0.conv3.weight - torch.Size([512, 128, 1, 1]): 
PretrainedInit: load from torchvision://resnet101 

backbone.layer2.0.bn3.weight - torch.Size([512]): 
PretrainedInit: load from torchvision://resnet101 

backbone.layer2.0.bn3.bias - torch.Size([512]): 
PretrainedInit: load from torchvision://resnet101 

backbone.layer2.0.downsample.0.weight - torch.Size([512, 256, 1, 1]): 
PretrainedInit: load from torchvision://resnet101 

backbone.layer2.0.downsample.1.weight - torch.Size([512]): 
PretrainedInit: load from torchvision://resnet101 

backbone.layer2.0.downsample.1.bias - torch.Size([512]): 
PretrainedInit: load from torchvision://resnet101 

backbone.layer2.1.conv1.weight - torch.Size([128, 512, 1, 1]): 
PretrainedInit: load from torchvision://resnet101 

backbone.layer2.1.bn1.weight - torch.Size([128]): 
PretrainedInit: load from torchvision://resnet101 

backbone.layer2.1.bn1.bias - torch.Size([128]): 
PretrainedInit: load from torchvision://resnet101 

backbone.layer2.1.conv2.weight - torch.Size([128, 128, 3, 3]): 
PretrainedInit: load from torchvision://resnet101 

backbone.layer2.1.bn2.weight - torch.Size([128]): 
PretrainedInit: load from torchvision://resnet101 

backbone.layer2.1.bn2.bias - torch.Size([128]): 
PretrainedInit: load from torchvision://resnet101 

backbone.layer2.1.conv3.weight - torch.Size([512, 128, 1, 1]): 
PretrainedInit: load from torchvision://resnet101 

backbone.layer2.1.bn3.weight - torch.Size([512]): 
PretrainedInit: load from torchvision://resnet101 

backbone.layer2.1.bn3.bias - torch.Size([512]): 
PretrainedInit: load from torchvision://resnet101 

backbone.layer2.2.conv1.weight - torch.Size([128, 512, 1, 1]): 
PretrainedInit: load from torchvision://resnet101 

backbone.layer2.2.bn1.weight - torch.Size([128]): 
PretrainedInit: load from torchvision://resnet101 

backbone.layer2.2.bn1.bias - torch.Size([128]): 
PretrainedInit: load from torchvision://resnet101 

backbone.layer2.2.conv2.weight - torch.Size([128, 128, 3, 3]): 
PretrainedInit: load from torchvision://resnet101 

backbone.layer2.2.bn2.weight - torch.Size([128]): 
PretrainedInit: load from torchvision://resnet101 

backbone.layer2.2.bn2.bias - torch.Size([128]): 
PretrainedInit: load from torchvision://resnet101 

backbone.layer2.2.conv3.weight - torch.Size([512, 128, 1, 1]): 
PretrainedInit: load from torchvision://resnet101 

backbone.layer2.2.bn3.weight - torch.Size([512]): 
PretrainedInit: load from torchvision://resnet101 

backbone.layer2.2.bn3.bias - torch.Size([512]): 
PretrainedInit: load from torchvision://resnet101 

backbone.layer2.3.conv1.weight - torch.Size([128, 512, 1, 1]): 
PretrainedInit: load from torchvision://resnet101 

backbone.layer2.3.bn1.weight - torch.Size([128]): 
PretrainedInit: load from torchvision://resnet101 

backbone.layer2.3.bn1.bias - torch.Size([128]): 
PretrainedInit: load from torchvision://resnet101 

backbone.layer2.3.conv2.weight - torch.Size([128, 128, 3, 3]): 
PretrainedInit: load from torchvision://resnet101 

backbone.layer2.3.bn2.weight - torch.Size([128]): 
PretrainedInit: load from torchvision://resnet101 

backbone.layer2.3.bn2.bias - torch.Size([128]): 
PretrainedInit: load from torchvision://resnet101 

backbone.layer2.3.conv3.weight - torch.Size([512, 128, 1, 1]): 
PretrainedInit: load from torchvision://resnet101 

backbone.layer2.3.bn3.weight - torch.Size([512]): 
PretrainedInit: load from torchvision://resnet101 

backbone.layer2.3.bn3.bias - torch.Size([512]): 
PretrainedInit: load from torchvision://resnet101 

backbone.layer3.0.conv1.weight - torch.Size([256, 512, 1, 1]): 
PretrainedInit: load from torchvision://resnet101 

backbone.layer3.0.bn1.weight - torch.Size([256]): 
PretrainedInit: load from torchvision://resnet101 

backbone.layer3.0.bn1.bias - torch.Size([256]): 
PretrainedInit: load from torchvision://resnet101 

backbone.layer3.0.conv2.weight - torch.Size([256, 256, 3, 3]): 
PretrainedInit: load from torchvision://resnet101 

backbone.layer3.0.bn2.weight - torch.Size([256]): 
PretrainedInit: load from torchvision://resnet101 

backbone.layer3.0.bn2.bias - torch.Size([256]): 
PretrainedInit: load from torchvision://resnet101 

backbone.layer3.0.conv3.weight - torch.Size([1024, 256, 1, 1]): 
PretrainedInit: load from torchvision://resnet101 

backbone.layer3.0.bn3.weight - torch.Size([1024]): 
PretrainedInit: load from torchvision://resnet101 

backbone.layer3.0.bn3.bias - torch.Size([1024]): 
PretrainedInit: load from torchvision://resnet101 

backbone.layer3.0.downsample.0.weight - torch.Size([1024, 512, 1, 1]): 
PretrainedInit: load from torchvision://resnet101 

backbone.layer3.0.downsample.1.weight - torch.Size([1024]): 
PretrainedInit: load from torchvision://resnet101 

backbone.layer3.0.downsample.1.bias - torch.Size([1024]): 
PretrainedInit: load from torchvision://resnet101 

backbone.layer3.1.conv1.weight - torch.Size([256, 1024, 1, 1]): 
PretrainedInit: load from torchvision://resnet101 

backbone.layer3.1.bn1.weight - torch.Size([256]): 
PretrainedInit: load from torchvision://resnet101 

backbone.layer3.1.bn1.bias - torch.Size([256]): 
PretrainedInit: load from torchvision://resnet101 

backbone.layer3.1.conv2.weight - torch.Size([256, 256, 3, 3]): 
PretrainedInit: load from torchvision://resnet101 

backbone.layer3.1.bn2.weight - torch.Size([256]): 
PretrainedInit: load from torchvision://resnet101 

backbone.layer3.1.bn2.bias - torch.Size([256]): 
PretrainedInit: load from torchvision://resnet101 

backbone.layer3.1.conv3.weight - torch.Size([1024, 256, 1, 1]): 
PretrainedInit: load from torchvision://resnet101 

backbone.layer3.1.bn3.weight - torch.Size([1024]): 
PretrainedInit: load from torchvision://resnet101 

backbone.layer3.1.bn3.bias - torch.Size([1024]): 
PretrainedInit: load from torchvision://resnet101 

backbone.layer3.2.conv1.weight - torch.Size([256, 1024, 1, 1]): 
PretrainedInit: load from torchvision://resnet101 

backbone.layer3.2.bn1.weight - torch.Size([256]): 
PretrainedInit: load from torchvision://resnet101 

backbone.layer3.2.bn1.bias - torch.Size([256]): 
PretrainedInit: load from torchvision://resnet101 

backbone.layer3.2.conv2.weight - torch.Size([256, 256, 3, 3]): 
PretrainedInit: load from torchvision://resnet101 

backbone.layer3.2.bn2.weight - torch.Size([256]): 
PretrainedInit: load from torchvision://resnet101 

backbone.layer3.2.bn2.bias - torch.Size([256]): 
PretrainedInit: load from torchvision://resnet101 

backbone.layer3.2.conv3.weight - torch.Size([1024, 256, 1, 1]): 
PretrainedInit: load from torchvision://resnet101 

backbone.layer3.2.bn3.weight - torch.Size([1024]): 
PretrainedInit: load from torchvision://resnet101 

backbone.layer3.2.bn3.bias - torch.Size([1024]): 
PretrainedInit: load from torchvision://resnet101 

backbone.layer3.3.conv1.weight - torch.Size([256, 1024, 1, 1]): 
PretrainedInit: load from torchvision://resnet101 

backbone.layer3.3.bn1.weight - torch.Size([256]): 
PretrainedInit: load from torchvision://resnet101 

backbone.layer3.3.bn1.bias - torch.Size([256]): 
PretrainedInit: load from torchvision://resnet101 

backbone.layer3.3.conv2.weight - torch.Size([256, 256, 3, 3]): 
PretrainedInit: load from torchvision://resnet101 

backbone.layer3.3.bn2.weight - torch.Size([256]): 
PretrainedInit: load from torchvision://resnet101 

backbone.layer3.3.bn2.bias - torch.Size([256]): 
PretrainedInit: load from torchvision://resnet101 

backbone.layer3.3.conv3.weight - torch.Size([1024, 256, 1, 1]): 
PretrainedInit: load from torchvision://resnet101 

backbone.layer3.3.bn3.weight - torch.Size([1024]): 
PretrainedInit: load from torchvision://resnet101 

backbone.layer3.3.bn3.bias - torch.Size([1024]): 
PretrainedInit: load from torchvision://resnet101 

backbone.layer3.4.conv1.weight - torch.Size([256, 1024, 1, 1]): 
PretrainedInit: load from torchvision://resnet101 

backbone.layer3.4.bn1.weight - torch.Size([256]): 
PretrainedInit: load from torchvision://resnet101 

backbone.layer3.4.bn1.bias - torch.Size([256]): 
PretrainedInit: load from torchvision://resnet101 

backbone.layer3.4.conv2.weight - torch.Size([256, 256, 3, 3]): 
PretrainedInit: load from torchvision://resnet101 

backbone.layer3.4.bn2.weight - torch.Size([256]): 
PretrainedInit: load from torchvision://resnet101 

backbone.layer3.4.bn2.bias - torch.Size([256]): 
PretrainedInit: load from torchvision://resnet101 

backbone.layer3.4.conv3.weight - torch.Size([1024, 256, 1, 1]): 
PretrainedInit: load from torchvision://resnet101 

backbone.layer3.4.bn3.weight - torch.Size([1024]): 
PretrainedInit: load from torchvision://resnet101 

backbone.layer3.4.bn3.bias - torch.Size([1024]): 
PretrainedInit: load from torchvision://resnet101 

backbone.layer3.5.conv1.weight - torch.Size([256, 1024, 1, 1]): 
PretrainedInit: load from torchvision://resnet101 

backbone.layer3.5.bn1.weight - torch.Size([256]): 
PretrainedInit: load from torchvision://resnet101 

backbone.layer3.5.bn1.bias - torch.Size([256]): 
PretrainedInit: load from torchvision://resnet101 

backbone.layer3.5.conv2.weight - torch.Size([256, 256, 3, 3]): 
PretrainedInit: load from torchvision://resnet101 

backbone.layer3.5.bn2.weight - torch.Size([256]): 
PretrainedInit: load from torchvision://resnet101 

backbone.layer3.5.bn2.bias - torch.Size([256]): 
PretrainedInit: load from torchvision://resnet101 

backbone.layer3.5.conv3.weight - torch.Size([1024, 256, 1, 1]): 
PretrainedInit: load from torchvision://resnet101 

backbone.layer3.5.bn3.weight - torch.Size([1024]): 
PretrainedInit: load from torchvision://resnet101 

backbone.layer3.5.bn3.bias - torch.Size([1024]): 
PretrainedInit: load from torchvision://resnet101 

backbone.layer3.6.conv1.weight - torch.Size([256, 1024, 1, 1]): 
PretrainedInit: load from torchvision://resnet101 

backbone.layer3.6.bn1.weight - torch.Size([256]): 
PretrainedInit: load from torchvision://resnet101 

backbone.layer3.6.bn1.bias - torch.Size([256]): 
PretrainedInit: load from torchvision://resnet101 

backbone.layer3.6.conv2.weight - torch.Size([256, 256, 3, 3]): 
PretrainedInit: load from torchvision://resnet101 

backbone.layer3.6.bn2.weight - torch.Size([256]): 
PretrainedInit: load from torchvision://resnet101 

backbone.layer3.6.bn2.bias - torch.Size([256]): 
PretrainedInit: load from torchvision://resnet101 

backbone.layer3.6.conv3.weight - torch.Size([1024, 256, 1, 1]): 
PretrainedInit: load from torchvision://resnet101 

backbone.layer3.6.bn3.weight - torch.Size([1024]): 
PretrainedInit: load from torchvision://resnet101 

backbone.layer3.6.bn3.bias - torch.Size([1024]): 
PretrainedInit: load from torchvision://resnet101 

backbone.layer3.7.conv1.weight - torch.Size([256, 1024, 1, 1]): 
PretrainedInit: load from torchvision://resnet101 

backbone.layer3.7.bn1.weight - torch.Size([256]): 
PretrainedInit: load from torchvision://resnet101 

backbone.layer3.7.bn1.bias - torch.Size([256]): 
PretrainedInit: load from torchvision://resnet101 

backbone.layer3.7.conv2.weight - torch.Size([256, 256, 3, 3]): 
PretrainedInit: load from torchvision://resnet101 

backbone.layer3.7.bn2.weight - torch.Size([256]): 
PretrainedInit: load from torchvision://resnet101 

backbone.layer3.7.bn2.bias - torch.Size([256]): 
PretrainedInit: load from torchvision://resnet101 

backbone.layer3.7.conv3.weight - torch.Size([1024, 256, 1, 1]): 
PretrainedInit: load from torchvision://resnet101 

backbone.layer3.7.bn3.weight - torch.Size([1024]): 
PretrainedInit: load from torchvision://resnet101 

backbone.layer3.7.bn3.bias - torch.Size([1024]): 
PretrainedInit: load from torchvision://resnet101 

backbone.layer3.8.conv1.weight - torch.Size([256, 1024, 1, 1]): 
PretrainedInit: load from torchvision://resnet101 

backbone.layer3.8.bn1.weight - torch.Size([256]): 
PretrainedInit: load from torchvision://resnet101 

backbone.layer3.8.bn1.bias - torch.Size([256]): 
PretrainedInit: load from torchvision://resnet101 

backbone.layer3.8.conv2.weight - torch.Size([256, 256, 3, 3]): 
PretrainedInit: load from torchvision://resnet101 

backbone.layer3.8.bn2.weight - torch.Size([256]): 
PretrainedInit: load from torchvision://resnet101 

backbone.layer3.8.bn2.bias - torch.Size([256]): 
PretrainedInit: load from torchvision://resnet101 

backbone.layer3.8.conv3.weight - torch.Size([1024, 256, 1, 1]): 
PretrainedInit: load from torchvision://resnet101 

backbone.layer3.8.bn3.weight - torch.Size([1024]): 
PretrainedInit: load from torchvision://resnet101 

backbone.layer3.8.bn3.bias - torch.Size([1024]): 
PretrainedInit: load from torchvision://resnet101 

backbone.layer3.9.conv1.weight - torch.Size([256, 1024, 1, 1]): 
PretrainedInit: load from torchvision://resnet101 

backbone.layer3.9.bn1.weight - torch.Size([256]): 
PretrainedInit: load from torchvision://resnet101 

backbone.layer3.9.bn1.bias - torch.Size([256]): 
PretrainedInit: load from torchvision://resnet101 

backbone.layer3.9.conv2.weight - torch.Size([256, 256, 3, 3]): 
PretrainedInit: load from torchvision://resnet101 

backbone.layer3.9.bn2.weight - torch.Size([256]): 
PretrainedInit: load from torchvision://resnet101 

backbone.layer3.9.bn2.bias - torch.Size([256]): 
PretrainedInit: load from torchvision://resnet101 

backbone.layer3.9.conv3.weight - torch.Size([1024, 256, 1, 1]): 
PretrainedInit: load from torchvision://resnet101 

backbone.layer3.9.bn3.weight - torch.Size([1024]): 
PretrainedInit: load from torchvision://resnet101 

backbone.layer3.9.bn3.bias - torch.Size([1024]): 
PretrainedInit: load from torchvision://resnet101 

backbone.layer3.10.conv1.weight - torch.Size([256, 1024, 1, 1]): 
PretrainedInit: load from torchvision://resnet101 

backbone.layer3.10.bn1.weight - torch.Size([256]): 
PretrainedInit: load from torchvision://resnet101 

backbone.layer3.10.bn1.bias - torch.Size([256]): 
PretrainedInit: load from torchvision://resnet101 

backbone.layer3.10.conv2.weight - torch.Size([256, 256, 3, 3]): 
PretrainedInit: load from torchvision://resnet101 

backbone.layer3.10.bn2.weight - torch.Size([256]): 
PretrainedInit: load from torchvision://resnet101 

backbone.layer3.10.bn2.bias - torch.Size([256]): 
PretrainedInit: load from torchvision://resnet101 

backbone.layer3.10.conv3.weight - torch.Size([1024, 256, 1, 1]): 
PretrainedInit: load from torchvision://resnet101 

backbone.layer3.10.bn3.weight - torch.Size([1024]): 
PretrainedInit: load from torchvision://resnet101 

backbone.layer3.10.bn3.bias - torch.Size([1024]): 
PretrainedInit: load from torchvision://resnet101 

backbone.layer3.11.conv1.weight - torch.Size([256, 1024, 1, 1]): 
PretrainedInit: load from torchvision://resnet101 

backbone.layer3.11.bn1.weight - torch.Size([256]): 
PretrainedInit: load from torchvision://resnet101 

backbone.layer3.11.bn1.bias - torch.Size([256]): 
PretrainedInit: load from torchvision://resnet101 

backbone.layer3.11.conv2.weight - torch.Size([256, 256, 3, 3]): 
PretrainedInit: load from torchvision://resnet101 

backbone.layer3.11.bn2.weight - torch.Size([256]): 
PretrainedInit: load from torchvision://resnet101 

backbone.layer3.11.bn2.bias - torch.Size([256]): 
PretrainedInit: load from torchvision://resnet101 

backbone.layer3.11.conv3.weight - torch.Size([1024, 256, 1, 1]): 
PretrainedInit: load from torchvision://resnet101 

backbone.layer3.11.bn3.weight - torch.Size([1024]): 
PretrainedInit: load from torchvision://resnet101 

backbone.layer3.11.bn3.bias - torch.Size([1024]): 
PretrainedInit: load from torchvision://resnet101 

backbone.layer3.12.conv1.weight - torch.Size([256, 1024, 1, 1]): 
PretrainedInit: load from torchvision://resnet101 

backbone.layer3.12.bn1.weight - torch.Size([256]): 
PretrainedInit: load from torchvision://resnet101 

backbone.layer3.12.bn1.bias - torch.Size([256]): 
PretrainedInit: load from torchvision://resnet101 

backbone.layer3.12.conv2.weight - torch.Size([256, 256, 3, 3]): 
PretrainedInit: load from torchvision://resnet101 

backbone.layer3.12.bn2.weight - torch.Size([256]): 
PretrainedInit: load from torchvision://resnet101 

backbone.layer3.12.bn2.bias - torch.Size([256]): 
PretrainedInit: load from torchvision://resnet101 

backbone.layer3.12.conv3.weight - torch.Size([1024, 256, 1, 1]): 
PretrainedInit: load from torchvision://resnet101 

backbone.layer3.12.bn3.weight - torch.Size([1024]): 
PretrainedInit: load from torchvision://resnet101 

backbone.layer3.12.bn3.bias - torch.Size([1024]): 
PretrainedInit: load from torchvision://resnet101 

backbone.layer3.13.conv1.weight - torch.Size([256, 1024, 1, 1]): 
PretrainedInit: load from torchvision://resnet101 

backbone.layer3.13.bn1.weight - torch.Size([256]): 
PretrainedInit: load from torchvision://resnet101 

backbone.layer3.13.bn1.bias - torch.Size([256]): 
PretrainedInit: load from torchvision://resnet101 

backbone.layer3.13.conv2.weight - torch.Size([256, 256, 3, 3]): 
PretrainedInit: load from torchvision://resnet101 

backbone.layer3.13.bn2.weight - torch.Size([256]): 
PretrainedInit: load from torchvision://resnet101 

backbone.layer3.13.bn2.bias - torch.Size([256]): 
PretrainedInit: load from torchvision://resnet101 

backbone.layer3.13.conv3.weight - torch.Size([1024, 256, 1, 1]): 
PretrainedInit: load from torchvision://resnet101 

backbone.layer3.13.bn3.weight - torch.Size([1024]): 
PretrainedInit: load from torchvision://resnet101 

backbone.layer3.13.bn3.bias - torch.Size([1024]): 
PretrainedInit: load from torchvision://resnet101 

backbone.layer3.14.conv1.weight - torch.Size([256, 1024, 1, 1]): 
PretrainedInit: load from torchvision://resnet101 

backbone.layer3.14.bn1.weight - torch.Size([256]): 
PretrainedInit: load from torchvision://resnet101 

backbone.layer3.14.bn1.bias - torch.Size([256]): 
PretrainedInit: load from torchvision://resnet101 

backbone.layer3.14.conv2.weight - torch.Size([256, 256, 3, 3]): 
PretrainedInit: load from torchvision://resnet101 

backbone.layer3.14.bn2.weight - torch.Size([256]): 
PretrainedInit: load from torchvision://resnet101 

backbone.layer3.14.bn2.bias - torch.Size([256]): 
PretrainedInit: load from torchvision://resnet101 

backbone.layer3.14.conv3.weight - torch.Size([1024, 256, 1, 1]): 
PretrainedInit: load from torchvision://resnet101 

backbone.layer3.14.bn3.weight - torch.Size([1024]): 
PretrainedInit: load from torchvision://resnet101 

backbone.layer3.14.bn3.bias - torch.Size([1024]): 
PretrainedInit: load from torchvision://resnet101 

backbone.layer3.15.conv1.weight - torch.Size([256, 1024, 1, 1]): 
PretrainedInit: load from torchvision://resnet101 

backbone.layer3.15.bn1.weight - torch.Size([256]): 
PretrainedInit: load from torchvision://resnet101 

backbone.layer3.15.bn1.bias - torch.Size([256]): 
PretrainedInit: load from torchvision://resnet101 

backbone.layer3.15.conv2.weight - torch.Size([256, 256, 3, 3]): 
PretrainedInit: load from torchvision://resnet101 

backbone.layer3.15.bn2.weight - torch.Size([256]): 
PretrainedInit: load from torchvision://resnet101 

backbone.layer3.15.bn2.bias - torch.Size([256]): 
PretrainedInit: load from torchvision://resnet101 

backbone.layer3.15.conv3.weight - torch.Size([1024, 256, 1, 1]): 
PretrainedInit: load from torchvision://resnet101 

backbone.layer3.15.bn3.weight - torch.Size([1024]): 
PretrainedInit: load from torchvision://resnet101 

backbone.layer3.15.bn3.bias - torch.Size([1024]): 
PretrainedInit: load from torchvision://resnet101 

backbone.layer3.16.conv1.weight - torch.Size([256, 1024, 1, 1]): 
PretrainedInit: load from torchvision://resnet101 

backbone.layer3.16.bn1.weight - torch.Size([256]): 
PretrainedInit: load from torchvision://resnet101 

backbone.layer3.16.bn1.bias - torch.Size([256]): 
PretrainedInit: load from torchvision://resnet101 

backbone.layer3.16.conv2.weight - torch.Size([256, 256, 3, 3]): 
PretrainedInit: load from torchvision://resnet101 

backbone.layer3.16.bn2.weight - torch.Size([256]): 
PretrainedInit: load from torchvision://resnet101 

backbone.layer3.16.bn2.bias - torch.Size([256]): 
PretrainedInit: load from torchvision://resnet101 

backbone.layer3.16.conv3.weight - torch.Size([1024, 256, 1, 1]): 
PretrainedInit: load from torchvision://resnet101 

backbone.layer3.16.bn3.weight - torch.Size([1024]): 
PretrainedInit: load from torchvision://resnet101 

backbone.layer3.16.bn3.bias - torch.Size([1024]): 
PretrainedInit: load from torchvision://resnet101 

backbone.layer3.17.conv1.weight - torch.Size([256, 1024, 1, 1]): 
PretrainedInit: load from torchvision://resnet101 

backbone.layer3.17.bn1.weight - torch.Size([256]): 
PretrainedInit: load from torchvision://resnet101 

backbone.layer3.17.bn1.bias - torch.Size([256]): 
PretrainedInit: load from torchvision://resnet101 

backbone.layer3.17.conv2.weight - torch.Size([256, 256, 3, 3]): 
PretrainedInit: load from torchvision://resnet101 

backbone.layer3.17.bn2.weight - torch.Size([256]): 
PretrainedInit: load from torchvision://resnet101 

backbone.layer3.17.bn2.bias - torch.Size([256]): 
PretrainedInit: load from torchvision://resnet101 

backbone.layer3.17.conv3.weight - torch.Size([1024, 256, 1, 1]): 
PretrainedInit: load from torchvision://resnet101 

backbone.layer3.17.bn3.weight - torch.Size([1024]): 
PretrainedInit: load from torchvision://resnet101 

backbone.layer3.17.bn3.bias - torch.Size([1024]): 
PretrainedInit: load from torchvision://resnet101 

backbone.layer3.18.conv1.weight - torch.Size([256, 1024, 1, 1]): 
PretrainedInit: load from torchvision://resnet101 

backbone.layer3.18.bn1.weight - torch.Size([256]): 
PretrainedInit: load from torchvision://resnet101 

backbone.layer3.18.bn1.bias - torch.Size([256]): 
PretrainedInit: load from torchvision://resnet101 

backbone.layer3.18.conv2.weight - torch.Size([256, 256, 3, 3]): 
PretrainedInit: load from torchvision://resnet101 

backbone.layer3.18.bn2.weight - torch.Size([256]): 
PretrainedInit: load from torchvision://resnet101 

backbone.layer3.18.bn2.bias - torch.Size([256]): 
PretrainedInit: load from torchvision://resnet101 

backbone.layer3.18.conv3.weight - torch.Size([1024, 256, 1, 1]): 
PretrainedInit: load from torchvision://resnet101 

backbone.layer3.18.bn3.weight - torch.Size([1024]): 
PretrainedInit: load from torchvision://resnet101 

backbone.layer3.18.bn3.bias - torch.Size([1024]): 
PretrainedInit: load from torchvision://resnet101 

backbone.layer3.19.conv1.weight - torch.Size([256, 1024, 1, 1]): 
PretrainedInit: load from torchvision://resnet101 

backbone.layer3.19.bn1.weight - torch.Size([256]): 
PretrainedInit: load from torchvision://resnet101 

backbone.layer3.19.bn1.bias - torch.Size([256]): 
PretrainedInit: load from torchvision://resnet101 

backbone.layer3.19.conv2.weight - torch.Size([256, 256, 3, 3]): 
PretrainedInit: load from torchvision://resnet101 

backbone.layer3.19.bn2.weight - torch.Size([256]): 
PretrainedInit: load from torchvision://resnet101 

backbone.layer3.19.bn2.bias - torch.Size([256]): 
PretrainedInit: load from torchvision://resnet101 

backbone.layer3.19.conv3.weight - torch.Size([1024, 256, 1, 1]): 
PretrainedInit: load from torchvision://resnet101 

backbone.layer3.19.bn3.weight - torch.Size([1024]): 
PretrainedInit: load from torchvision://resnet101 

backbone.layer3.19.bn3.bias - torch.Size([1024]): 
PretrainedInit: load from torchvision://resnet101 

backbone.layer3.20.conv1.weight - torch.Size([256, 1024, 1, 1]): 
PretrainedInit: load from torchvision://resnet101 

backbone.layer3.20.bn1.weight - torch.Size([256]): 
PretrainedInit: load from torchvision://resnet101 

backbone.layer3.20.bn1.bias - torch.Size([256]): 
PretrainedInit: load from torchvision://resnet101 

backbone.layer3.20.conv2.weight - torch.Size([256, 256, 3, 3]): 
PretrainedInit: load from torchvision://resnet101 

backbone.layer3.20.bn2.weight - torch.Size([256]): 
PretrainedInit: load from torchvision://resnet101 

backbone.layer3.20.bn2.bias - torch.Size([256]): 
PretrainedInit: load from torchvision://resnet101 

backbone.layer3.20.conv3.weight - torch.Size([1024, 256, 1, 1]): 
PretrainedInit: load from torchvision://resnet101 

backbone.layer3.20.bn3.weight - torch.Size([1024]): 
PretrainedInit: load from torchvision://resnet101 

backbone.layer3.20.bn3.bias - torch.Size([1024]): 
PretrainedInit: load from torchvision://resnet101 

backbone.layer3.21.conv1.weight - torch.Size([256, 1024, 1, 1]): 
PretrainedInit: load from torchvision://resnet101 

backbone.layer3.21.bn1.weight - torch.Size([256]): 
PretrainedInit: load from torchvision://resnet101 

backbone.layer3.21.bn1.bias - torch.Size([256]): 
PretrainedInit: load from torchvision://resnet101 

backbone.layer3.21.conv2.weight - torch.Size([256, 256, 3, 3]): 
PretrainedInit: load from torchvision://resnet101 

backbone.layer3.21.bn2.weight - torch.Size([256]): 
PretrainedInit: load from torchvision://resnet101 

backbone.layer3.21.bn2.bias - torch.Size([256]): 
PretrainedInit: load from torchvision://resnet101 

backbone.layer3.21.conv3.weight - torch.Size([1024, 256, 1, 1]): 
PretrainedInit: load from torchvision://resnet101 

backbone.layer3.21.bn3.weight - torch.Size([1024]): 
PretrainedInit: load from torchvision://resnet101 

backbone.layer3.21.bn3.bias - torch.Size([1024]): 
PretrainedInit: load from torchvision://resnet101 

backbone.layer3.22.conv1.weight - torch.Size([256, 1024, 1, 1]): 
PretrainedInit: load from torchvision://resnet101 

backbone.layer3.22.bn1.weight - torch.Size([256]): 
PretrainedInit: load from torchvision://resnet101 

backbone.layer3.22.bn1.bias - torch.Size([256]): 
PretrainedInit: load from torchvision://resnet101 

backbone.layer3.22.conv2.weight - torch.Size([256, 256, 3, 3]): 
PretrainedInit: load from torchvision://resnet101 

backbone.layer3.22.bn2.weight - torch.Size([256]): 
PretrainedInit: load from torchvision://resnet101 

backbone.layer3.22.bn2.bias - torch.Size([256]): 
PretrainedInit: load from torchvision://resnet101 

backbone.layer3.22.conv3.weight - torch.Size([1024, 256, 1, 1]): 
PretrainedInit: load from torchvision://resnet101 

backbone.layer3.22.bn3.weight - torch.Size([1024]): 
PretrainedInit: load from torchvision://resnet101 

backbone.layer3.22.bn3.bias - torch.Size([1024]): 
PretrainedInit: load from torchvision://resnet101 

backbone.layer4.0.conv1.weight - torch.Size([512, 1024, 1, 1]): 
PretrainedInit: load from torchvision://resnet101 

backbone.layer4.0.bn1.weight - torch.Size([512]): 
PretrainedInit: load from torchvision://resnet101 

backbone.layer4.0.bn1.bias - torch.Size([512]): 
PretrainedInit: load from torchvision://resnet101 

backbone.layer4.0.conv2.weight - torch.Size([512, 512, 3, 3]): 
PretrainedInit: load from torchvision://resnet101 

backbone.layer4.0.bn2.weight - torch.Size([512]): 
PretrainedInit: load from torchvision://resnet101 

backbone.layer4.0.bn2.bias - torch.Size([512]): 
PretrainedInit: load from torchvision://resnet101 

backbone.layer4.0.conv3.weight - torch.Size([2048, 512, 1, 1]): 
PretrainedInit: load from torchvision://resnet101 

backbone.layer4.0.bn3.weight - torch.Size([2048]): 
PretrainedInit: load from torchvision://resnet101 

backbone.layer4.0.bn3.bias - torch.Size([2048]): 
PretrainedInit: load from torchvision://resnet101 

backbone.layer4.0.downsample.0.weight - torch.Size([2048, 1024, 1, 1]): 
PretrainedInit: load from torchvision://resnet101 

backbone.layer4.0.downsample.1.weight - torch.Size([2048]): 
PretrainedInit: load from torchvision://resnet101 

backbone.layer4.0.downsample.1.bias - torch.Size([2048]): 
PretrainedInit: load from torchvision://resnet101 

backbone.layer4.1.conv1.weight - torch.Size([512, 2048, 1, 1]): 
PretrainedInit: load from torchvision://resnet101 

backbone.layer4.1.bn1.weight - torch.Size([512]): 
PretrainedInit: load from torchvision://resnet101 

backbone.layer4.1.bn1.bias - torch.Size([512]): 
PretrainedInit: load from torchvision://resnet101 

backbone.layer4.1.conv2.weight - torch.Size([512, 512, 3, 3]): 
PretrainedInit: load from torchvision://resnet101 

backbone.layer4.1.bn2.weight - torch.Size([512]): 
PretrainedInit: load from torchvision://resnet101 

backbone.layer4.1.bn2.bias - torch.Size([512]): 
PretrainedInit: load from torchvision://resnet101 

backbone.layer4.1.conv3.weight - torch.Size([2048, 512, 1, 1]): 
PretrainedInit: load from torchvision://resnet101 

backbone.layer4.1.bn3.weight - torch.Size([2048]): 
PretrainedInit: load from torchvision://resnet101 

backbone.layer4.1.bn3.bias - torch.Size([2048]): 
PretrainedInit: load from torchvision://resnet101 

backbone.layer4.2.conv1.weight - torch.Size([512, 2048, 1, 1]): 
PretrainedInit: load from torchvision://resnet101 

backbone.layer4.2.bn1.weight - torch.Size([512]): 
PretrainedInit: load from torchvision://resnet101 

backbone.layer4.2.bn1.bias - torch.Size([512]): 
PretrainedInit: load from torchvision://resnet101 

backbone.layer4.2.conv2.weight - torch.Size([512, 512, 3, 3]): 
PretrainedInit: load from torchvision://resnet101 

backbone.layer4.2.bn2.weight - torch.Size([512]): 
PretrainedInit: load from torchvision://resnet101 

backbone.layer4.2.bn2.bias - torch.Size([512]): 
PretrainedInit: load from torchvision://resnet101 

backbone.layer4.2.conv3.weight - torch.Size([2048, 512, 1, 1]): 
PretrainedInit: load from torchvision://resnet101 

backbone.layer4.2.bn3.weight - torch.Size([2048]): 
PretrainedInit: load from torchvision://resnet101 

backbone.layer4.2.bn3.bias - torch.Size([2048]): 
PretrainedInit: load from torchvision://resnet101 

neck.lateral_convs.0.conv.weight - torch.Size([256, 512, 1, 1]): 
XavierInit: gain=1, distribution=uniform, bias=0 

neck.lateral_convs.0.conv.bias - torch.Size([256]): 
The value is the same before and after calling `init_weights` of KnowledgeDistillationSingleStageDetector  

neck.lateral_convs.1.conv.weight - torch.Size([256, 1024, 1, 1]): 
XavierInit: gain=1, distribution=uniform, bias=0 

neck.lateral_convs.1.conv.bias - torch.Size([256]): 
The value is the same before and after calling `init_weights` of KnowledgeDistillationSingleStageDetector  

neck.lateral_convs.2.conv.weight - torch.Size([256, 2048, 1, 1]): 
XavierInit: gain=1, distribution=uniform, bias=0 

neck.lateral_convs.2.conv.bias - torch.Size([256]): 
The value is the same before and after calling `init_weights` of KnowledgeDistillationSingleStageDetector  

neck.fpn_convs.0.conv.weight - torch.Size([256, 256, 3, 3]): 
XavierInit: gain=1, distribution=uniform, bias=0 

neck.fpn_convs.0.conv.bias - torch.Size([256]): 
The value is the same before and after calling `init_weights` of KnowledgeDistillationSingleStageDetector  

neck.fpn_convs.1.conv.weight - torch.Size([256, 256, 3, 3]): 
XavierInit: gain=1, distribution=uniform, bias=0 

neck.fpn_convs.1.conv.bias - torch.Size([256]): 
The value is the same before and after calling `init_weights` of KnowledgeDistillationSingleStageDetector  

neck.fpn_convs.2.conv.weight - torch.Size([256, 256, 3, 3]): 
XavierInit: gain=1, distribution=uniform, bias=0 

neck.fpn_convs.2.conv.bias - torch.Size([256]): 
The value is the same before and after calling `init_weights` of KnowledgeDistillationSingleStageDetector  

neck.fpn_convs.3.conv.weight - torch.Size([256, 256, 3, 3]): 
XavierInit: gain=1, distribution=uniform, bias=0 

neck.fpn_convs.3.conv.bias - torch.Size([256]): 
The value is the same before and after calling `init_weights` of KnowledgeDistillationSingleStageDetector  

neck.fpn_convs.4.conv.weight - torch.Size([256, 256, 3, 3]): 
XavierInit: gain=1, distribution=uniform, bias=0 

neck.fpn_convs.4.conv.bias - torch.Size([256]): 
The value is the same before and after calling `init_weights` of KnowledgeDistillationSingleStageDetector  

bbox_head.cls_convs.0.conv.weight - torch.Size([256, 256, 3, 3]): 
NormalInit: mean=0, std=0.01, bias=0 

bbox_head.cls_convs.0.gn.weight - torch.Size([256]): 
The value is the same before and after calling `init_weights` of KnowledgeDistillationSingleStageDetector  

bbox_head.cls_convs.0.gn.bias - torch.Size([256]): 
The value is the same before and after calling `init_weights` of KnowledgeDistillationSingleStageDetector  

bbox_head.cls_convs.1.conv.weight - torch.Size([256, 256, 3, 3]): 
NormalInit: mean=0, std=0.01, bias=0 

bbox_head.cls_convs.1.gn.weight - torch.Size([256]): 
The value is the same before and after calling `init_weights` of KnowledgeDistillationSingleStageDetector  

bbox_head.cls_convs.1.gn.bias - torch.Size([256]): 
The value is the same before and after calling `init_weights` of KnowledgeDistillationSingleStageDetector  

bbox_head.cls_convs.2.conv.weight - torch.Size([256, 256, 3, 3]): 
NormalInit: mean=0, std=0.01, bias=0 

bbox_head.cls_convs.2.gn.weight - torch.Size([256]): 
The value is the same before and after calling `init_weights` of KnowledgeDistillationSingleStageDetector  

bbox_head.cls_convs.2.gn.bias - torch.Size([256]): 
The value is the same before and after calling `init_weights` of KnowledgeDistillationSingleStageDetector  

bbox_head.cls_convs.3.conv.weight - torch.Size([256, 256, 3, 3]): 
NormalInit: mean=0, std=0.01, bias=0 

bbox_head.cls_convs.3.gn.weight - torch.Size([256]): 
The value is the same before and after calling `init_weights` of KnowledgeDistillationSingleStageDetector  

bbox_head.cls_convs.3.gn.bias - torch.Size([256]): 
The value is the same before and after calling `init_weights` of KnowledgeDistillationSingleStageDetector  

bbox_head.reg_convs.0.conv.weight - torch.Size([256, 256, 3, 3]): 
NormalInit: mean=0, std=0.01, bias=0 

bbox_head.reg_convs.0.gn.weight - torch.Size([256]): 
The value is the same before and after calling `init_weights` of KnowledgeDistillationSingleStageDetector  

bbox_head.reg_convs.0.gn.bias - torch.Size([256]): 
The value is the same before and after calling `init_weights` of KnowledgeDistillationSingleStageDetector  

bbox_head.reg_convs.1.conv.weight - torch.Size([256, 256, 3, 3]): 
NormalInit: mean=0, std=0.01, bias=0 

bbox_head.reg_convs.1.gn.weight - torch.Size([256]): 
The value is the same before and after calling `init_weights` of KnowledgeDistillationSingleStageDetector  

bbox_head.reg_convs.1.gn.bias - torch.Size([256]): 
The value is the same before and after calling `init_weights` of KnowledgeDistillationSingleStageDetector  

bbox_head.reg_convs.2.conv.weight - torch.Size([256, 256, 3, 3]): 
NormalInit: mean=0, std=0.01, bias=0 

bbox_head.reg_convs.2.gn.weight - torch.Size([256]): 
The value is the same before and after calling `init_weights` of KnowledgeDistillationSingleStageDetector  

bbox_head.reg_convs.2.gn.bias - torch.Size([256]): 
The value is the same before and after calling `init_weights` of KnowledgeDistillationSingleStageDetector  

bbox_head.reg_convs.3.conv.weight - torch.Size([256, 256, 3, 3]): 
NormalInit: mean=0, std=0.01, bias=0 

bbox_head.reg_convs.3.gn.weight - torch.Size([256]): 
The value is the same before and after calling `init_weights` of KnowledgeDistillationSingleStageDetector  

bbox_head.reg_convs.3.gn.bias - torch.Size([256]): 
The value is the same before and after calling `init_weights` of KnowledgeDistillationSingleStageDetector  

bbox_head.gfl_cls.weight - torch.Size([3, 256, 3, 3]): 
NormalInit: mean=0, std=0.01, bias=-4.59511985013459 

bbox_head.gfl_cls.bias - torch.Size([3]): 
NormalInit: mean=0, std=0.01, bias=-4.59511985013459 

bbox_head.gfl_reg.weight - torch.Size([68, 256, 3, 3]): 
NormalInit: mean=0, std=0.01, bias=0 

bbox_head.gfl_reg.bias - torch.Size([68]): 
NormalInit: mean=0, std=0.01, bias=0 

bbox_head.scales.0.scale - torch.Size([]): 
The value is the same before and after calling `init_weights` of KnowledgeDistillationSingleStageDetector  

bbox_head.scales.1.scale - torch.Size([]): 
The value is the same before and after calling `init_weights` of KnowledgeDistillationSingleStageDetector  

bbox_head.scales.2.scale - torch.Size([]): 
The value is the same before and after calling `init_weights` of KnowledgeDistillationSingleStageDetector  

bbox_head.scales.3.scale - torch.Size([]): 
The value is the same before and after calling `init_weights` of KnowledgeDistillationSingleStageDetector  

bbox_head.scales.4.scale - torch.Size([]): 
The value is the same before and after calling `init_weights` of KnowledgeDistillationSingleStageDetector  
2023-03-03 08:13:58,673 - mmdet - INFO - Automatic scaling of learning rate (LR) has been disabled.
2023-03-03 08:13:58,760 - mmdet - INFO - Start running, host: root@3bbc6d017763, work_dir: /mmdetection/data/Truong_Hai/work_dirs/ld_r101_gflv1_r101dcn_fpn_coco_2x_UIT_DODV_Ext
2023-03-03 08:13:58,760 - mmdet - INFO - Hooks will be executed in the following order:
before_run:
(VERY_HIGH   ) StepLrUpdaterHook                  
(NORMAL      ) CheckpointHook                     
(LOW         ) EvalHook                           
(VERY_LOW    ) TextLoggerHook                     
 -------------------- 
before_train_epoch:
(VERY_HIGH   ) StepLrUpdaterHook                  
(NORMAL      ) NumClassCheckHook                  
(LOW         ) IterTimerHook                      
(LOW         ) EvalHook                           
(VERY_LOW    ) TextLoggerHook                     
 -------------------- 
before_train_iter:
(VERY_HIGH   ) StepLrUpdaterHook                  
(LOW         ) IterTimerHook                      
(LOW         ) EvalHook                           
 -------------------- 
after_train_iter:
(ABOVE_NORMAL) OptimizerHook                      
(NORMAL      ) CheckpointHook                     
(LOW         ) IterTimerHook                      
(LOW         ) EvalHook                           
(VERY_LOW    ) TextLoggerHook                     
 -------------------- 
after_train_epoch:
(NORMAL      ) CheckpointHook                     
(LOW         ) EvalHook                           
(VERY_LOW    ) TextLoggerHook                     
 -------------------- 
before_val_epoch:
(NORMAL      ) NumClassCheckHook                  
(LOW         ) IterTimerHook                      
(VERY_LOW    ) TextLoggerHook                     
 -------------------- 
before_val_iter:
(LOW         ) IterTimerHook                      
 -------------------- 
after_val_iter:
(LOW         ) IterTimerHook                      
 -------------------- 
after_val_epoch:
(VERY_LOW    ) TextLoggerHook                     
 -------------------- 
after_run:
(VERY_LOW    ) TextLoggerHook                     
 -------------------- 
2023-03-03 08:13:58,761 - mmdet - INFO - workflow: [('train', 1)], max: 24 epochs
2023-03-03 08:13:58,761 - mmdet - INFO - Checkpoints will be saved to /mmdetection/data/Truong_Hai/work_dirs/ld_r101_gflv1_r101dcn_fpn_coco_2x_UIT_DODV_Ext by HardDiskBackend.
2023-03-03 08:14:24,178 - mmdet - INFO - Epoch [1][50/1381]	lr: 9.890e-04, eta: 4:40:14, time: 0.508, data_time: 0.114, memory: 4812, loss_cls: 0.2453, loss_bbox: 1.4451, loss_dfl: 0.6127, loss_ld: 0.1235, loss: 2.4266
